<?xml version="1.0" encoding="UTF-8"?>
<!-- Generated by org.testng.reporters.JUnitXMLReporter -->
<testsuite hostname="L480-GUPATIL" ignored="0" name="Verify Partial Update City" tests="3" failures="1" timestamp="2019-12-13T22:56:32 IST" time="4.171" errors="0">
  <testcase name="verifyPartialUpdateCity" time="1.674" classname="rest.city.api.PartialUpdateCityTest">
    <skipped/>
  </testcase> <!-- verifyPartialUpdateCity -->
  <testcase name="verifyPartialUpdateCity" time="1.218" classname="rest.city.api.PartialUpdateCityTest">
    <skipped/>
  </testcase> <!-- verifyPartialUpdateCity -->
  <testcase name="verifyPartialUpdateCity" time="1.237" classname="rest.city.api.PartialUpdateCityTest">
    <failure type="java.lang.AssertionError" message="did not expect to find [null] but found [Banglore]">
      <![CDATA[java.lang.AssertionError: did not expect to find [null] but found [Banglore]
at rest.city.api.PartialUpdateCityTest.verifyPartialUpdateCity(PartialUpdateCityTest.java:53)
at java.util.ArrayList.forEach(ArrayList.java:1257)
... Removed 33 stack frames]]>
    </failure>
  </testcase> <!-- verifyPartialUpdateCity -->
</testsuite> <!-- Verify Partial Update City -->
