<?xml version="1.0" encoding="UTF-8"?>
<testng-results skipped="0" failed="0" ignored="0" total="1" passed="1">
  <reporter-output>
  </reporter-output>
  <suite name="Default suite" duration-ms="4074" started-at="2019-12-13T23:10:42 IST" finished-at="2019-12-13T23:10:46 IST">
    <groups>
    </groups>
    <test name="Default test" duration-ms="4074" started-at="2019-12-13T23:10:42 IST" finished-at="2019-12-13T23:10:46 IST">
      <class name="rest.city.api.PartialUpdateCityTest">
        <test-method status="PASS" signature="setup()[pri:0, instance:rest.city.api.PartialUpdateCityTest@7d0587f1]" name="setup" is-config="true" duration-ms="620" started-at="2019-12-13T23:10:42 IST" finished-at="2019-12-13T23:10:43 IST">
          <reporter-output>
          </reporter-output>
        </test-method> <!-- setup -->
        <test-method status="PASS" signature="verifyPartialUpdateCity(java.lang.String)[pri:0, instance:rest.city.api.PartialUpdateCityTest@7d0587f1]" name="verifyPartialUpdateCity" duration-ms="3388" started-at="2019-12-13T23:10:43 IST" data-provider="getData" finished-at="2019-12-13T23:10:46 IST">
          <params>
            <param index="0">
              <value>
                <![CDATA[2008]]>
              </value>
            </param>
          </params>
          <reporter-output>
          </reporter-output>
        </test-method> <!-- verifyPartialUpdateCity -->
      </class> <!-- rest.city.api.PartialUpdateCityTest -->
    </test> <!-- Default test -->
  </suite> <!-- Default suite -->
</testng-results>
